<?xml version="1.0" encoding="UTF-8"?>
<testsuite xmlns:xsi="http://www.w3.org/2001/XMLSchema-instance" xsi:noNamespaceSchemaLocation="https://maven.apache.org/surefire/maven-surefire-plugin/xsd/surefire-test-report.xsd" version="3.0.2" name="edu.eci.arsw.collabboard.application.service.BoardApplicationServiceTest" time="0.003" tests="2" errors="0" skipped="2" failures="0">
  <properties/>
  <testcase name="shouldCreateAndReadBoard" classname="edu.eci.arsw.collabboard.application.service.BoardApplicationServiceTest" time="0.0">
    <skipped message="TODO LAB-04: enable progressively while implementing the use cases"/>
  </testcase>
  <testcase name="shouldFailWithConcreteExceptionWhenBoardDoesNotExist" classname="edu.eci.arsw.collabboard.application.service.BoardApplicationServiceTest" time="0.0">
    <skipped message="TODO LAB-04: enable progressively while implementing the use cases"/>
  </testcase>
</testsuite>